{"uuid":"5794f673-05e3-4213-9da5-68ab6458faf0","historyId":"3ba7923f701fd17769a23f9b4e39fbca","fullName":"src/test/java/Features/SignInFeature.feature:16","labels":[{"name":"host","value":"MrGreen"},{"name":"thread","value":"2656@MrGreen.main(1)"},{"name":"feature","value":"Sign in page"},{"name":"story","value":"UI validation"},{"name":"suite","value":"Sign in page"},{"name":"testClass","value":"UI validation"},{"name":"framework","value":"cucumber4jvm"},{"name":"language","value":"java"},{"name":"gherkin_uri","value":"file:///D:/Project%20Playground/4Beats/FlightExpert-Automation-Cucumber/src/test/java/Features/SignInFeature.feature"},{"name":"package","value":"src.test.java.Features.SignInFeature_feature.Sign in page"}],"links":[],"name":"UI validation","status":"failed","statusDetails":{"known":false,"muted":false,"flaky":false,"message":"The following asserts failed:\n\texpected [Email Address] but found [Email Address *]","trace":"java.lang.AssertionError: The following asserts failed:\n\texpected [Email Address] but found [Email Address *]\r\n\tat org.testng.asserts.SoftAssert.assertAll(SoftAssert.java:46)\r\n\tat org.testng.asserts.SoftAssert.assertAll(SoftAssert.java:30)\r\n\tat StepDefs.SignInDefs.emailFieldLabeledAsOnSignInPage(SignInDefs.java:103)\r\n\tat ✽.Email field labeled as \"Email Address\" on sign in page(file:///D:/Project%20Playground/4Beats/FlightExpert-Automation-Cucumber/src/test/java/Features/SignInFeature.feature:23)\r\n"},"stage":"finished","steps":[{"name":"Given  User should be on the sign in page","status":"passed","statusDetails":{"known":false,"muted":false,"flaky":false},"stage":"finished","steps":[],"attachments":[],"parameters":[],"start":1741276747842,"stop":1741276751668},{"name":"Then  Sign in page should be appeared after clicking button","status":"passed","statusDetails":{"known":false,"muted":false,"flaky":false},"stage":"finished","steps":[],"attachments":[],"parameters":[],"start":1741276751668,"stop":1741276751751},{"name":"And  Email field should be present","status":"passed","statusDetails":{"known":false,"muted":false,"flaky":false},"stage":"finished","steps":[],"attachments":[],"parameters":[],"start":1741276751751,"stop":1741276751784},{"name":"And  Password field should be present","status":"passed","statusDetails":{"known":false,"muted":false,"flaky":false},"stage":"finished","steps":[],"attachments":[],"parameters":[],"start":1741276751784,"stop":1741276751816},{"name":"And  Mandatory fields are labeled with asterisk sign","status":"passed","statusDetails":{"known":false,"muted":false,"flaky":false},"stage":"finished","steps":[],"attachments":[],"parameters":[],"start":1741276751816,"stop":1741276752001},{"name":"And  Email field labeled as \"Email Address\" on sign in page","status":"failed","statusDetails":{"known":false,"muted":false,"flaky":false,"message":"The following asserts failed:\n\texpected [Email Address] but found [Email Address *]","trace":"java.lang.AssertionError: The following asserts failed:\n\texpected [Email Address] but found [Email Address *]\r\n\tat org.testng.asserts.SoftAssert.assertAll(SoftAssert.java:46)\r\n\tat org.testng.asserts.SoftAssert.assertAll(SoftAssert.java:30)\r\n\tat StepDefs.SignInDefs.emailFieldLabeledAsOnSignInPage(SignInDefs.java:103)\r\n\tat ✽.Email field labeled as \"Email Address\" on sign in page(file:///D:/Project%20Playground/4Beats/FlightExpert-Automation-Cucumber/src/test/java/Features/SignInFeature.feature:23)\r\n"},"stage":"finished","steps":[],"attachments":[],"parameters":[],"start":1741276752001,"stop":1741276752043},{"name":"And  Password field labeled as \"Password *\" on the sign in page","status":"skipped","statusDetails":{"known":false,"muted":false,"flaky":false},"stage":"finished","steps":[],"attachments":[],"parameters":[],"start":1741276752043,"stop":1741276752043}],"attachments":[],"parameters":[],"start":1741276746214,"stop":1741276752351}