{"uuid":"6ece25e7-0231-44f0-8326-cb258b72e461","historyId":"8ece7c6642d701b307a44b259e3b46d1","fullName":"src/test/java/Features/SignInFeature.feature:36","labels":[{"name":"host","value":"MrGreen"},{"name":"thread","value":"12100@MrGreen.main(1)"},{"name":"feature","value":"Sign in page"},{"name":"story","value":"Checkbox validation"},{"name":"suite","value":"Sign in page"},{"name":"testClass","value":"Checkbox validation"},{"name":"framework","value":"cucumber4jvm"},{"name":"language","value":"java"},{"name":"gherkin_uri","value":"file:///D:/Project%20Playground/4Beats/FlightExpert-Automation-Cucumber/src/test/java/Features/SignInFeature.feature"},{"name":"package","value":"src.test.java.Features.SignInFeature_feature.Sign in page"}],"links":[],"name":"Checkbox validation","status":"failed","statusDetails":{"known":false,"muted":false,"flaky":false,"message":"expected [false] but found [true]","trace":"java.lang.AssertionError: expected [false] but found [true]\r\n\tat org.testng.Assert.fail(Assert.java:111)\r\n\tat org.testng.Assert.failNotEquals(Assert.java:1590)\r\n\tat org.testng.Assert.assertFalse(Assert.java:79)\r\n\tat org.testng.Assert.assertFalse(Assert.java:89)\r\n\tat StepDefs.SignInDefs.theCheckboxShouldBeUnchecked(SignInDefs.java:270)\r\n\tat ✽.The checkbox should be unchecked(file:///D:/Project%20Playground/4Beats/FlightExpert-Automation-Cucumber/src/test/java/Features/SignInFeature.feature:42)\r\n"},"stage":"finished","steps":[{"name":"Given  User should be on the sign in page","status":"passed","statusDetails":{"known":false,"muted":false,"flaky":false},"stage":"finished","steps":[],"attachments":[],"parameters":[],"start":1741695954484,"stop":1741695958877},{"name":"When  User enter credentials to the email and password field","status":"passed","statusDetails":{"known":false,"muted":false,"flaky":false},"stage":"finished","steps":[],"attachments":[],"parameters":[],"start":1741695958877,"stop":1741695959593},{"name":"Then  Checkbox should be checked by default","status":"passed","statusDetails":{"known":false,"muted":false,"flaky":false},"stage":"finished","steps":[],"attachments":[],"parameters":[],"start":1741695959593,"stop":1741695959640},{"name":"And  User clicks on the checkbox","status":"passed","statusDetails":{"known":false,"muted":false,"flaky":false},"stage":"finished","steps":[],"attachments":[],"parameters":[],"start":1741695959640,"stop":1741695959938},{"name":"Then  Credentials should remain in the email and password fields","status":"passed","statusDetails":{"known":false,"muted":false,"flaky":false},"stage":"finished","steps":[],"attachments":[],"parameters":[],"start":1741695959938,"stop":1741695960054},{"name":"And  The checkbox should be unchecked","status":"failed","statusDetails":{"known":false,"muted":false,"flaky":false,"message":"expected [false] but found [true]","trace":"java.lang.AssertionError: expected [false] but found [true]\r\n\tat org.testng.Assert.fail(Assert.java:111)\r\n\tat org.testng.Assert.failNotEquals(Assert.java:1590)\r\n\tat org.testng.Assert.assertFalse(Assert.java:79)\r\n\tat org.testng.Assert.assertFalse(Assert.java:89)\r\n\tat StepDefs.SignInDefs.theCheckboxShouldBeUnchecked(SignInDefs.java:270)\r\n\tat ✽.The checkbox should be unchecked(file:///D:/Project%20Playground/4Beats/FlightExpert-Automation-Cucumber/src/test/java/Features/SignInFeature.feature:42)\r\n"},"stage":"finished","steps":[],"attachments":[],"parameters":[],"start":1741695960054,"stop":1741695960111},{"name":"And  User click on the checkbox","status":"skipped","statusDetails":{"known":false,"muted":false,"flaky":false},"stage":"finished","steps":[],"attachments":[],"parameters":[],"start":1741695960111,"stop":1741695960111},{"name":"Then  The checkbox should be checked","status":"skipped","statusDetails":{"known":false,"muted":false,"flaky":false},"stage":"finished","steps":[],"attachments":[],"parameters":[],"start":1741695960111,"stop":1741695960111}],"attachments":[],"parameters":[],"start":1741695952901,"stop":1741695960341}