{"uuid":"7a098a07-df8f-475c-9a46-3c1b1d14da57","historyId":"19a3a1371f866e01b90c427a56e19398","fullName":"src/test/java/Features/SignInFeature.feature:56","labels":[{"name":"host","value":"MrGreen"},{"name":"thread","value":"9484@MrGreen.main(1)"},{"name":"feature","value":"Sign in page"},{"name":"story","value":"User should not be able to sign in with invalid credentials"},{"name":"suite","value":"Sign in page"},{"name":"testClass","value":"User should not be able to sign in with invalid credentials"},{"name":"framework","value":"cucumber4jvm"},{"name":"language","value":"java"},{"name":"gherkin_uri","value":"file:///D:/Project%20Playground/4Beats/FlightExpert-Automation-Cucumber/src/test/java/Features/SignInFeature.feature"},{"name":"package","value":"src.test.java.Features.SignInFeature_feature.Sign in page"}],"links":[],"name":"User should not be able to sign in with invalid credentials","status":"failed","statusDetails":{"known":false,"muted":false,"flaky":false,"message":"The following asserts failed:\n\texpected [Email must be valid] but found [Must be a valid email]","trace":"java.lang.AssertionError: The following asserts failed:\n\texpected [Email must be valid] but found [Must be a valid email]\r\n\tat org.testng.asserts.SoftAssert.assertAll(SoftAssert.java:46)\r\n\tat org.testng.asserts.SoftAssert.assertAll(SoftAssert.java:30)\r\n\tat StepDefs.SignInDefs.userShouldSeeErrorMessage(SignInDefs.java:224)\r\n\tat ✽.User should see \"Email must be valid\" \"\" \"\" error message(file:///D:/Project%20Playground/4Beats/FlightExpert-Automation-Cucumber/src/test/java/Features/SignInFeature.feature:49)\r\n"},"stage":"finished","steps":[{"name":"Given  User should be on the sign in page","status":"passed","statusDetails":{"known":false,"muted":false,"flaky":false},"stage":"finished","steps":[],"attachments":[],"parameters":[],"start":1741685581895,"stop":1741685584490},{"name":"When  User enters \"testing\" in the email field","status":"passed","statusDetails":{"known":false,"muted":false,"flaky":false},"stage":"finished","steps":[],"attachments":[],"parameters":[],"start":1741685584490,"stop":1741685584768},{"name":"And  User enters \"shobuj1234\" in the password field","status":"passed","statusDetails":{"known":false,"muted":false,"flaky":false},"stage":"finished","steps":[],"attachments":[],"parameters":[],"start":1741685584768,"stop":1741685585342},{"name":"And  User click on the sign in button","status":"passed","statusDetails":{"known":false,"muted":false,"flaky":false},"stage":"finished","steps":[],"attachments":[],"parameters":[],"start":1741685585342,"stop":1741685586544},{"name":"Then  User should see \"Email must be valid\" \"\" \"\" error message","status":"failed","statusDetails":{"known":false,"muted":false,"flaky":false,"message":"The following asserts failed:\n\texpected [Email must be valid] but found [Must be a valid email]","trace":"java.lang.AssertionError: The following asserts failed:\n\texpected [Email must be valid] but found [Must be a valid email]\r\n\tat org.testng.asserts.SoftAssert.assertAll(SoftAssert.java:46)\r\n\tat org.testng.asserts.SoftAssert.assertAll(SoftAssert.java:30)\r\n\tat StepDefs.SignInDefs.userShouldSeeErrorMessage(SignInDefs.java:224)\r\n\tat ✽.User should see \"Email must be valid\" \"\" \"\" error message(file:///D:/Project%20Playground/4Beats/FlightExpert-Automation-Cucumber/src/test/java/Features/SignInFeature.feature:49)\r\n"},"stage":"finished","steps":[],"attachments":[{"name":"Email field error message","source":"250a7422-5063-4037-9d89-e76f41666817-attachment"}],"parameters":[],"start":1741685586544,"stop":1741685587267},{"name":"And  Validate all assertion","status":"skipped","statusDetails":{"known":false,"muted":false,"flaky":false},"stage":"finished","steps":[],"attachments":[],"parameters":[],"start":1741685587267,"stop":1741685587267}],"attachments":[],"parameters":[{"name":"email","value":"\"testing\""},{"name":"password","value":"\"shobuj1234\""},{"name":"emailErrorMgs","value":"\"Email must be valid\""},{"name":"passwordErrorMgs","value":"\"\""},{"name":"signInErrorMgs","value":"\"\""}],"start":1741685580408,"stop":1741685587572}