{"uuid":"82e70d87-49e9-44d5-8491-8e2fe1ce377b","historyId":"19a3a1371f866e01b90c427a56e19398","fullName":"src/test/java/Features/SignInFeature.feature:56","labels":[{"name":"host","value":"MrGreen"},{"name":"thread","value":"11948@MrGreen.main(1)"},{"name":"feature","value":"Sign in page"},{"name":"story","value":"User should not be able to sign in with invalid credentials"},{"name":"suite","value":"Sign in page"},{"name":"testClass","value":"User should not be able to sign in with invalid credentials"},{"name":"framework","value":"cucumber4jvm"},{"name":"language","value":"java"},{"name":"gherkin_uri","value":"file:///D:/Project%20Playground/4Beats/FlightExpert-Automation-Cucumber/src/test/java/Features/SignInFeature.feature"},{"name":"package","value":"src.test.java.Features.SignInFeature_feature.Sign in page"}],"links":[],"name":"User should not be able to sign in with invalid credentials","status":"failed","statusDetails":{"known":false,"muted":false,"flaky":false,"message":"The following asserts failed:\n\texpected [Email must be valid] but found [Must be a valid email]","trace":"java.lang.AssertionError: The following asserts failed:\n\texpected [Email must be valid] but found [Must be a valid email]\r\n\tat org.testng.asserts.SoftAssert.assertAll(SoftAssert.java:46)\r\n\tat org.testng.asserts.SoftAssert.assertAll(SoftAssert.java:30)\r\n\tat StepDefs.SignInDefs.userShouldSeeErrorMessage(SignInDefs.java:224)\r\n\tat ✽.User should see \"Email must be valid\" \"\" \"\" error message(file:///D:/Project%20Playground/4Beats/FlightExpert-Automation-Cucumber/src/test/java/Features/SignInFeature.feature:49)\r\n"},"stage":"finished","steps":[{"name":"Given  User should be on the sign in page","status":"passed","statusDetails":{"known":false,"muted":false,"flaky":false},"stage":"finished","steps":[],"attachments":[],"parameters":[],"start":1741686875392,"stop":1741686878141},{"name":"When  User enters \"testing\" in the email field","status":"passed","statusDetails":{"known":false,"muted":false,"flaky":false},"stage":"finished","steps":[],"attachments":[],"parameters":[],"start":1741686878141,"stop":1741686878588},{"name":"And  User enters \"shobuj1234\" in the password field","status":"passed","statusDetails":{"known":false,"muted":false,"flaky":false},"stage":"finished","steps":[],"attachments":[],"parameters":[],"start":1741686878588,"stop":1741686878960},{"name":"And  User click on the sign in button","status":"passed","statusDetails":{"known":false,"muted":false,"flaky":false},"stage":"finished","steps":[],"attachments":[],"parameters":[],"start":1741686878960,"stop":1741686880201},{"name":"Then  User should see \"Email must be valid\" \"\" \"\" error message","status":"failed","statusDetails":{"known":false,"muted":false,"flaky":false,"message":"The following asserts failed:\n\texpected [Email must be valid] but found [Must be a valid email]","trace":"java.lang.AssertionError: The following asserts failed:\n\texpected [Email must be valid] but found [Must be a valid email]\r\n\tat org.testng.asserts.SoftAssert.assertAll(SoftAssert.java:46)\r\n\tat org.testng.asserts.SoftAssert.assertAll(SoftAssert.java:30)\r\n\tat StepDefs.SignInDefs.userShouldSeeErrorMessage(SignInDefs.java:224)\r\n\tat ✽.User should see \"Email must be valid\" \"\" \"\" error message(file:///D:/Project%20Playground/4Beats/FlightExpert-Automation-Cucumber/src/test/java/Features/SignInFeature.feature:49)\r\n"},"stage":"finished","steps":[],"attachments":[{"name":"Email field error message","source":"886927d8-1ef4-4e78-a4b3-b444893a51ea-attachment"}],"parameters":[],"start":1741686880202,"stop":1741686880759},{"name":"And  Validate all assertion","status":"skipped","statusDetails":{"known":false,"muted":false,"flaky":false},"stage":"finished","steps":[],"attachments":[],"parameters":[],"start":1741686880759,"stop":1741686880759}],"attachments":[],"parameters":[{"name":"email","value":"\"testing\""},{"name":"password","value":"\"shobuj1234\""},{"name":"emailErrorMgs","value":"\"Email must be valid\""},{"name":"passwordErrorMgs","value":"\"\""},{"name":"signInErrorMgs","value":"\"\""}],"start":1741686873992,"stop":1741686881073}