{"uuid":"8d213c9e-c54c-45e5-8113-dbc3196ac115","historyId":"8ece7c6642d701b307a44b259e3b46d1","fullName":"src/test/java/Features/SignInFeature.feature:36","labels":[{"name":"host","value":"MrGreen"},{"name":"thread","value":"7140@MrGreen.main(1)"},{"name":"feature","value":"Sign in page"},{"name":"story","value":"Checkbox validation"},{"name":"suite","value":"Sign in page"},{"name":"testClass","value":"Checkbox validation"},{"name":"framework","value":"cucumber4jvm"},{"name":"language","value":"java"},{"name":"gherkin_uri","value":"file:///D:/Project%20Playground/4Beats/FlightExpert-Automation-Cucumber/src/test/java/Features/SignInFeature.feature"},{"name":"package","value":"src.test.java.Features.SignInFeature_feature.Sign in page"}],"links":[],"name":"Checkbox validation","status":"failed","statusDetails":{"known":false,"muted":false,"flaky":false,"message":"expected [false] but found [true]","trace":"java.lang.AssertionError: expected [false] but found [true]\r\n\tat org.testng.Assert.fail(Assert.java:111)\r\n\tat org.testng.Assert.failNotEquals(Assert.java:1590)\r\n\tat org.testng.Assert.assertFalse(Assert.java:79)\r\n\tat org.testng.Assert.assertFalse(Assert.java:89)\r\n\tat StepDefs.SignInDefs.theCheckboxShouldBeUnchecked(SignInDefs.java:271)\r\n\tat ✽.The checkbox should be unchecked(file:///D:/Project%20Playground/4Beats/FlightExpert-Automation-Cucumber/src/test/java/Features/SignInFeature.feature:43)\r\n"},"stage":"finished","steps":[{"name":"Given  User should be on the sign in page","status":"passed","statusDetails":{"known":false,"muted":false,"flaky":false},"stage":"finished","steps":[],"attachments":[],"parameters":[],"start":1741694876746,"stop":1741694880463},{"name":"When  User enter credentials to the email and password field","status":"passed","statusDetails":{"known":false,"muted":false,"flaky":false},"stage":"finished","steps":[],"attachments":[],"parameters":[],"start":1741694880463,"stop":1741694881106},{"name":"Then  Checkbox should be checked by default","status":"passed","statusDetails":{"known":false,"muted":false,"flaky":false},"stage":"finished","steps":[],"attachments":[],"parameters":[],"start":1741694881106,"stop":1741694881226},{"name":"And  User clicks on the checkbox","status":"passed","statusDetails":{"known":false,"muted":false,"flaky":false},"stage":"finished","steps":[],"attachments":[],"parameters":[],"start":1741694881226,"stop":1741694881626},{"name":"Then  Credentials should remain in the email and password fields","status":"passed","statusDetails":{"known":false,"muted":false,"flaky":false},"stage":"finished","steps":[],"attachments":[],"parameters":[],"start":1741694881626,"stop":1741694881856},{"name":"And  User click on the checkbox","status":"passed","statusDetails":{"known":false,"muted":false,"flaky":false},"stage":"finished","steps":[],"attachments":[],"parameters":[],"start":1741694881856,"stop":1741694882126},{"name":"Then  The checkbox should be unchecked","status":"failed","statusDetails":{"known":false,"muted":false,"flaky":false,"message":"expected [false] but found [true]","trace":"java.lang.AssertionError: expected [false] but found [true]\r\n\tat org.testng.Assert.fail(Assert.java:111)\r\n\tat org.testng.Assert.failNotEquals(Assert.java:1590)\r\n\tat org.testng.Assert.assertFalse(Assert.java:79)\r\n\tat org.testng.Assert.assertFalse(Assert.java:89)\r\n\tat StepDefs.SignInDefs.theCheckboxShouldBeUnchecked(SignInDefs.java:271)\r\n\tat ✽.The checkbox should be unchecked(file:///D:/Project%20Playground/4Beats/FlightExpert-Automation-Cucumber/src/test/java/Features/SignInFeature.feature:43)\r\n"},"stage":"finished","steps":[],"attachments":[],"parameters":[],"start":1741694882126,"stop":1741694882226}],"attachments":[],"parameters":[],"start":1741694875355,"stop":1741694882673}