{"uuid":"91f6a08d-4c39-4b31-a9c9-0c83a7dfaa74","historyId":"71f383092d9f44aac2be6b37872bba9","fullName":"src/test/java/Features/SignInFeature.feature:54","labels":[{"name":"host","value":"MrGreen"},{"name":"thread","value":"6568@MrGreen.main(1)"},{"name":"feature","value":"Sign in page"},{"name":"story","value":"User should not be able to sign in with invalid credentials"},{"name":"suite","value":"Sign in page"},{"name":"testClass","value":"User should not be able to sign in with invalid credentials"},{"name":"framework","value":"cucumber4jvm"},{"name":"language","value":"java"},{"name":"gherkin_uri","value":"file:///D:/Project%20Playground/4Beats/FlightExpert-Automation-Cucumber/src/test/java/Features/SignInFeature.feature"},{"name":"package","value":"src.test.java.Features.SignInFeature_feature.Sign in page"}],"links":[],"name":"User should not be able to sign in with invalid credentials","status":"failed","statusDetails":{"known":false,"muted":false,"flaky":false,"message":"expected [Email must be valid] but found [Must be a valid email]","trace":"java.lang.AssertionError: expected [Email must be valid] but found [Must be a valid email]\r\n\tat org.testng.Assert.fail(Assert.java:111)\r\n\tat org.testng.Assert.failNotEquals(Assert.java:1590)\r\n\tat org.testng.Assert.assertEqualsImpl(Assert.java:150)\r\n\tat org.testng.Assert.assertEquals(Assert.java:132)\r\n\tat org.testng.Assert.assertEquals(Assert.java:656)\r\n\tat org.testng.Assert.assertEquals(Assert.java:666)\r\n\tat StepDefs.SignInDefs.userShouldSeeErrorMessage(SignInDefs.java:220)\r\n\tat ✽.User should see \"Email must be valid\" \"\" \"\" error message(file:///D:/Project%20Playground/4Beats/FlightExpert-Automation-Cucumber/src/test/java/Features/SignInFeature.feature:47)\r\n"},"stage":"finished","steps":[{"name":"Given  User should be on the sign in page","status":"passed","statusDetails":{"known":false,"muted":false,"flaky":false},"stage":"finished","steps":[],"attachments":[],"parameters":[],"start":1741691038482,"stop":1741691041117},{"name":"When  User enters \"testing\" in the email field","status":"passed","statusDetails":{"known":false,"muted":false,"flaky":false},"stage":"finished","steps":[],"attachments":[],"parameters":[],"start":1741691041117,"stop":1741691041382},{"name":"And  User enters \"shobuj1234\" in the password field","status":"passed","statusDetails":{"known":false,"muted":false,"flaky":false},"stage":"finished","steps":[],"attachments":[],"parameters":[],"start":1741691041382,"stop":1741691041943},{"name":"And  User click on the sign in button","status":"passed","statusDetails":{"known":false,"muted":false,"flaky":false},"stage":"finished","steps":[],"attachments":[],"parameters":[],"start":1741691041943,"stop":1741691043114},{"name":"Then  User should see \"Email must be valid\" \"\" \"\" error message","status":"failed","statusDetails":{"known":false,"muted":false,"flaky":false,"message":"expected [Email must be valid] but found [Must be a valid email]","trace":"java.lang.AssertionError: expected [Email must be valid] but found [Must be a valid email]\r\n\tat org.testng.Assert.fail(Assert.java:111)\r\n\tat org.testng.Assert.failNotEquals(Assert.java:1590)\r\n\tat org.testng.Assert.assertEqualsImpl(Assert.java:150)\r\n\tat org.testng.Assert.assertEquals(Assert.java:132)\r\n\tat org.testng.Assert.assertEquals(Assert.java:656)\r\n\tat org.testng.Assert.assertEquals(Assert.java:666)\r\n\tat StepDefs.SignInDefs.userShouldSeeErrorMessage(SignInDefs.java:220)\r\n\tat ✽.User should see \"Email must be valid\" \"\" \"\" error message(file:///D:/Project%20Playground/4Beats/FlightExpert-Automation-Cucumber/src/test/java/Features/SignInFeature.feature:47)\r\n"},"stage":"finished","steps":[],"attachments":[],"parameters":[],"start":1741691043114,"stop":1741691043225},{"name":"And  Validate all assertion","status":"skipped","statusDetails":{"known":false,"muted":false,"flaky":false},"stage":"finished","steps":[],"attachments":[],"parameters":[],"start":1741691043225,"stop":1741691043225}],"attachments":[],"parameters":[{"name":"email","value":"\"testing\""},{"name":"password","value":"\"shobuj1234\""},{"name":"emailErrorMgs","value":"\"Email must be valid\""},{"name":"passwordErrorMgs","value":"\"\""},{"name":"signInErrorMgs","value":"\"\""}],"start":1741691037145,"stop":1741691043493}