{"uuid":"9a7540e8-3ec9-44e5-8fd0-575bc00b11f0","historyId":"3ba7923f701fd17769a23f9b4e39fbca","fullName":"src/test/java/Features/SignInFeature.feature:16","labels":[{"name":"host","value":"MrGreen"},{"name":"thread","value":"7936@MrGreen.main(1)"},{"name":"feature","value":"Sign in page"},{"name":"story","value":"UI validation"},{"name":"suite","value":"Sign in page"},{"name":"testClass","value":"UI validation"},{"name":"framework","value":"cucumber4jvm"},{"name":"language","value":"java"},{"name":"gherkin_uri","value":"file:///D:/Project%20Playground/4Beats/FlightExpert-Automation-Cucumber/src/test/java/Features/SignInFeature.feature"},{"name":"package","value":"src.test.java.Features.SignInFeature_feature.Sign in page"}],"links":[],"name":"UI validation","status":"failed","statusDetails":{"known":false,"muted":false,"flaky":false,"message":"The following asserts failed:\n\texpected [Email Address] but found [Email Address *]","trace":"java.lang.AssertionError: The following asserts failed:\n\texpected [Email Address] but found [Email Address *]\r\n\tat org.testng.asserts.SoftAssert.assertAll(SoftAssert.java:46)\r\n\tat org.testng.asserts.SoftAssert.assertAll(SoftAssert.java:30)\r\n\tat StepDefs.SignInDefs.validateAllAssertion(SignInDefs.java:114)\r\n\tat ✽.Validate all assertion(file:///D:/Project%20Playground/4Beats/FlightExpert-Automation-Cucumber/src/test/java/Features/SignInFeature.feature:25)\r\n"},"stage":"finished","steps":[{"name":"Given  User should be on the sign in page","status":"passed","statusDetails":{"known":false,"muted":false,"flaky":false},"stage":"finished","steps":[],"attachments":[],"parameters":[],"start":1741275460149,"stop":1741275467574},{"name":"Then  Sign in page should be appeared after clicking button","status":"passed","statusDetails":{"known":false,"muted":false,"flaky":false},"stage":"finished","steps":[],"attachments":[],"parameters":[],"start":1741275467574,"stop":1741275467657},{"name":"And  Email field should be present","status":"passed","statusDetails":{"known":false,"muted":false,"flaky":false},"stage":"finished","steps":[],"attachments":[],"parameters":[],"start":1741275467657,"stop":1741275467761},{"name":"And  Password field should be present","status":"passed","statusDetails":{"known":false,"muted":false,"flaky":false},"stage":"finished","steps":[],"attachments":[],"parameters":[],"start":1741275467761,"stop":1741275467834},{"name":"And  Mandatory fields are labeled with asterisk sign","status":"passed","statusDetails":{"known":false,"muted":false,"flaky":false},"stage":"finished","steps":[],"attachments":[],"parameters":[],"start":1741275467835,"stop":1741275467946},{"name":"And  Email field labeled as \"Email Address\" on sign in page","status":"passed","statusDetails":{"known":false,"muted":false,"flaky":false},"stage":"finished","steps":[],"attachments":[],"parameters":[],"start":1741275467946,"stop":1741275467985},{"name":"And  Password field labeled as \"Password *\" on the sign in page","status":"passed","statusDetails":{"known":false,"muted":false,"flaky":false},"stage":"finished","steps":[],"attachments":[],"parameters":[],"start":1741275467985,"stop":1741275468056},{"name":"Then  Validate all assertion","status":"failed","statusDetails":{"known":false,"muted":false,"flaky":false,"message":"The following asserts failed:\n\texpected [Email Address] but found [Email Address *]","trace":"java.lang.AssertionError: The following asserts failed:\n\texpected [Email Address] but found [Email Address *]\r\n\tat org.testng.asserts.SoftAssert.assertAll(SoftAssert.java:46)\r\n\tat org.testng.asserts.SoftAssert.assertAll(SoftAssert.java:30)\r\n\tat StepDefs.SignInDefs.validateAllAssertion(SignInDefs.java:114)\r\n\tat ✽.Validate all assertion(file:///D:/Project%20Playground/4Beats/FlightExpert-Automation-Cucumber/src/test/java/Features/SignInFeature.feature:25)\r\n"},"stage":"finished","steps":[],"attachments":[],"parameters":[],"start":1741275468056,"stop":1741275468083}],"attachments":[],"parameters":[],"start":1741275458515,"stop":1741275468473}