{"uuid":"9aa92a0c-1ada-4e80-bf72-59785fde19a3","historyId":"71f383092d9f44aac2be6b37872bba9","fullName":"src/test/java/Features/SignInFeature.feature:54","labels":[{"name":"host","value":"MrGreen"},{"name":"thread","value":"8836@MrGreen.main(1)"},{"name":"feature","value":"Sign in page"},{"name":"story","value":"User should not be able to sign in with invalid credentials"},{"name":"suite","value":"Sign in page"},{"name":"testClass","value":"User should not be able to sign in with invalid credentials"},{"name":"framework","value":"cucumber4jvm"},{"name":"language","value":"java"},{"name":"gherkin_uri","value":"file:///D:/Project%20Playground/4Beats/FlightExpert-Automation-Cucumber/src/test/java/Features/SignInFeature.feature"},{"name":"package","value":"src.test.java.Features.SignInFeature_feature.Sign in page"}],"links":[],"name":"User should not be able to sign in with invalid credentials","status":"failed","statusDetails":{"known":false,"muted":false,"flaky":false,"message":"The following asserts failed:\n\texpected [Email must be valid] but found [Must be a valid email]","trace":"java.lang.AssertionError: The following asserts failed:\n\texpected [Email must be valid] but found [Must be a valid email]\r\n\tat org.testng.asserts.SoftAssert.assertAll(SoftAssert.java:46)\r\n\tat org.testng.asserts.SoftAssert.assertAll(SoftAssert.java:30)\r\n\tat StepDefs.SignInDefs.userShouldSeeErrorMessage(SignInDefs.java:207)\r\n\tat ✽.User should see \"Email must be valid\" \"\" \"\" error message(file:///D:/Project%20Playground/4Beats/FlightExpert-Automation-Cucumber/src/test/java/Features/SignInFeature.feature:47)\r\n"},"stage":"finished","steps":[{"name":"Given  User should be on the sign in page","status":"passed","statusDetails":{"known":false,"muted":false,"flaky":false},"stage":"finished","steps":[],"attachments":[],"parameters":[],"start":1741689241211,"stop":1741689243772},{"name":"When  User enters \"testing\" in the email field","status":"passed","statusDetails":{"known":false,"muted":false,"flaky":false},"stage":"finished","steps":[],"attachments":[],"parameters":[],"start":1741689243772,"stop":1741689244016},{"name":"And  User enters \"shobuj1234\" in the password field","status":"passed","statusDetails":{"known":false,"muted":false,"flaky":false},"stage":"finished","steps":[],"attachments":[],"parameters":[],"start":1741689244016,"stop":1741689244626},{"name":"And  User click on the sign in button","status":"passed","statusDetails":{"known":false,"muted":false,"flaky":false},"stage":"finished","steps":[],"attachments":[],"parameters":[],"start":1741689244626,"stop":1741689245880},{"name":"Then  User should see \"Email must be valid\" \"\" \"\" error message","status":"failed","statusDetails":{"known":false,"muted":false,"flaky":false,"message":"The following asserts failed:\n\texpected [Email must be valid] but found [Must be a valid email]","trace":"java.lang.AssertionError: The following asserts failed:\n\texpected [Email must be valid] but found [Must be a valid email]\r\n\tat org.testng.asserts.SoftAssert.assertAll(SoftAssert.java:46)\r\n\tat org.testng.asserts.SoftAssert.assertAll(SoftAssert.java:30)\r\n\tat StepDefs.SignInDefs.userShouldSeeErrorMessage(SignInDefs.java:207)\r\n\tat ✽.User should see \"Email must be valid\" \"\" \"\" error message(file:///D:/Project%20Playground/4Beats/FlightExpert-Automation-Cucumber/src/test/java/Features/SignInFeature.feature:47)\r\n"},"stage":"finished","steps":[],"attachments":[{"name":"Email field error message","source":"b5fcb3dd-397c-4b7c-bf35-a5363b8ca119-attachment"}],"parameters":[],"start":1741689245880,"stop":1741689246398},{"name":"And  Validate all assertion","status":"skipped","statusDetails":{"known":false,"muted":false,"flaky":false},"stage":"finished","steps":[],"attachments":[],"parameters":[],"start":1741689246398,"stop":1741689246398}],"attachments":[],"parameters":[{"name":"email","value":"\"testing\""},{"name":"password","value":"\"shobuj1234\""},{"name":"emailErrorMgs","value":"\"Email must be valid\""},{"name":"passwordErrorMgs","value":"\"\""},{"name":"signInErrorMgs","value":"\"\""}],"start":1741689239813,"stop":1741689246672}