{"uid":"7ad681db187fc30a","name":"User should not be able to sign in with invalid credentials","fullName":"src/test/java/Features/SignInFeature.feature:57","historyId":"a4d7e6497722abfb51fb43f3b0e4a80","time":{"start":1741697693129,"stop":1741697729912,"duration":36783},"status":"broken","statusMessage":"Expected condition failed: waiting for visibility of element located by By.xpath: //div[starts-with(@class,'form-check')]/following-sibling::p[starts-with(@class,'text-danger')] (tried for 30 second(s) with 500 milliseconds interval)\nBuild info: version: '4.29.0', revision: '5fc1ec94cb'\nSystem info: os.name: 'Windows 11', os.arch: 'amd64', os.version: '10.0', java.version: '17.0.12'\nDriver info: org.openqa.selenium.chrome.ChromeDriver\nCapabilities {acceptInsecureCerts: false, browserName: chrome, browserVersion: 133.0.6943.143, chrome: {chromedriverVersion: 133.0.6943.141 (2a5d6da0d61..., userDataDir: C:\\Users\\Shobuj\\AppData\\Loc...}, fedcm:accounts: true, goog:chromeOptions: {debuggerAddress: localhost:59002}, networkConnectionEnabled: false, pageLoadStrategy: normal, platformName: windows, proxy: Proxy(), se:cdp: ws://localhost:59002/devtoo..., se:cdpVersion: 133.0.6943.143, setWindowRect: true, strictFileInteractability: false, timeouts: {implicit: 0, pageLoad: 300000, script: 30000}, unhandledPromptBehavior: dismiss and notify, webauthn:extension:credBlob: true, webauthn:extension:largeBlob: true, webauthn:extension:minPinLength: true, webauthn:extension:prf: true, webauthn:virtualAuthenticators: true}\nSession ID: b5336232982fc8eff4b4cb283b94df5a","statusTrace":"org.openqa.selenium.TimeoutException: Expected condition failed: waiting for visibility of element located by By.xpath: //div[starts-with(@class,'form-check')]/following-sibling::p[starts-with(@class,'text-danger')] (tried for 30 second(s) with 500 milliseconds interval)\nBuild info: version: '4.29.0', revision: '5fc1ec94cb'\nSystem info: os.name: 'Windows 11', os.arch: 'amd64', os.version: '10.0', java.version: '17.0.12'\nDriver info: org.openqa.selenium.chrome.ChromeDriver\nCapabilities {acceptInsecureCerts: false, browserName: chrome, browserVersion: 133.0.6943.143, chrome: {chromedriverVersion: 133.0.6943.141 (2a5d6da0d61..., userDataDir: C:\\Users\\Shobuj\\AppData\\Loc...}, fedcm:accounts: true, goog:chromeOptions: {debuggerAddress: localhost:59002}, networkConnectionEnabled: false, pageLoadStrategy: normal, platformName: windows, proxy: Proxy(), se:cdp: ws://localhost:59002/devtoo..., se:cdpVersion: 133.0.6943.143, setWindowRect: true, strictFileInteractability: false, timeouts: {implicit: 0, pageLoad: 300000, script: 30000}, unhandledPromptBehavior: dismiss and notify, webauthn:extension:credBlob: true, webauthn:extension:largeBlob: true, webauthn:extension:minPinLength: true, webauthn:extension:prf: true, webauthn:virtualAuthenticators: true}\nSession ID: b5336232982fc8eff4b4cb283b94df5a\r\n\tat org.openqa.selenium.support.ui.WebDriverWait.timeoutException(WebDriverWait.java:84)\r\n\tat org.openqa.selenium.support.ui.FluentWait.until(FluentWait.java:228)\r\n\tat Pages.BasePage.getElementText(BasePage.java:41)\r\n\tat StepDefs.SignInDefs.userShouldSeeErrorMessage(SignInDefs.java:230)\r\n\tat ✽.User should see \"\" \"\" \"The provided credentials are incorrect.\" error message(file:///D:/Project%20Playground/4Beats/FlightExpert-Automation-Cucumber/src/test/java/Features/SignInFeature.feature:51)\r\n","flaky":false,"newFailed":false,"newBroken":false,"newPassed":false,"retriesCount":0,"retriesStatusChange":false,"beforeStages":[{"name":"StepDefs.Hooks.start()","time":{"start":1741697693129,"stop":1741697694360,"duration":1231},"status":"passed","steps":[],"attachments":[],"parameters":[],"attachmentsCount":0,"shouldDisplayMessage":false,"attachmentStep":false,"stepsCount":0,"hasContent":false}],"testStage":{"status":"broken","statusMessage":"Expected condition failed: waiting for visibility of element located by By.xpath: //div[starts-with(@class,'form-check')]/following-sibling::p[starts-with(@class,'text-danger')] (tried for 30 second(s) with 500 milliseconds interval)\nBuild info: version: '4.29.0', revision: '5fc1ec94cb'\nSystem info: os.name: 'Windows 11', os.arch: 'amd64', os.version: '10.0', java.version: '17.0.12'\nDriver info: org.openqa.selenium.chrome.ChromeDriver\nCapabilities {acceptInsecureCerts: false, browserName: chrome, browserVersion: 133.0.6943.143, chrome: {chromedriverVersion: 133.0.6943.141 (2a5d6da0d61..., userDataDir: C:\\Users\\Shobuj\\AppData\\Loc...}, fedcm:accounts: true, goog:chromeOptions: {debuggerAddress: localhost:59002}, networkConnectionEnabled: false, pageLoadStrategy: normal, platformName: windows, proxy: Proxy(), se:cdp: ws://localhost:59002/devtoo..., se:cdpVersion: 133.0.6943.143, setWindowRect: true, strictFileInteractability: false, timeouts: {implicit: 0, pageLoad: 300000, script: 30000}, unhandledPromptBehavior: dismiss and notify, webauthn:extension:credBlob: true, webauthn:extension:largeBlob: true, webauthn:extension:minPinLength: true, webauthn:extension:prf: true, webauthn:virtualAuthenticators: true}\nSession ID: b5336232982fc8eff4b4cb283b94df5a","statusTrace":"org.openqa.selenium.TimeoutException: Expected condition failed: waiting for visibility of element located by By.xpath: //div[starts-with(@class,'form-check')]/following-sibling::p[starts-with(@class,'text-danger')] (tried for 30 second(s) with 500 milliseconds interval)\nBuild info: version: '4.29.0', revision: '5fc1ec94cb'\nSystem info: os.name: 'Windows 11', os.arch: 'amd64', os.version: '10.0', java.version: '17.0.12'\nDriver info: org.openqa.selenium.chrome.ChromeDriver\nCapabilities {acceptInsecureCerts: false, browserName: chrome, browserVersion: 133.0.6943.143, chrome: {chromedriverVersion: 133.0.6943.141 (2a5d6da0d61..., userDataDir: C:\\Users\\Shobuj\\AppData\\Loc...}, fedcm:accounts: true, goog:chromeOptions: {debuggerAddress: localhost:59002}, networkConnectionEnabled: false, pageLoadStrategy: normal, platformName: windows, proxy: Proxy(), se:cdp: ws://localhost:59002/devtoo..., se:cdpVersion: 133.0.6943.143, setWindowRect: true, strictFileInteractability: false, timeouts: {implicit: 0, pageLoad: 300000, script: 30000}, unhandledPromptBehavior: dismiss and notify, webauthn:extension:credBlob: true, webauthn:extension:largeBlob: true, webauthn:extension:minPinLength: true, webauthn:extension:prf: true, webauthn:virtualAuthenticators: true}\nSession ID: b5336232982fc8eff4b4cb283b94df5a\r\n\tat org.openqa.selenium.support.ui.WebDriverWait.timeoutException(WebDriverWait.java:84)\r\n\tat org.openqa.selenium.support.ui.FluentWait.until(FluentWait.java:228)\r\n\tat Pages.BasePage.getElementText(BasePage.java:41)\r\n\tat StepDefs.SignInDefs.userShouldSeeErrorMessage(SignInDefs.java:230)\r\n\tat ✽.User should see \"\" \"\" \"The provided credentials are incorrect.\" error message(file:///D:/Project%20Playground/4Beats/FlightExpert-Automation-Cucumber/src/test/java/Features/SignInFeature.feature:51)\r\n","steps":[{"name":"Given  User should be on the sign in page","time":{"start":1741697694360,"stop":1741697697754,"duration":3394},"status":"passed","steps":[],"attachments":[],"parameters":[],"attachmentsCount":0,"shouldDisplayMessage":false,"attachmentStep":false,"stepsCount":0,"hasContent":false},{"name":"When  User enters \"shobuj@yopmail.com\" in the email field","time":{"start":1741697697754,"stop":1741697697996,"duration":242},"status":"passed","steps":[],"attachments":[],"parameters":[],"attachmentsCount":0,"shouldDisplayMessage":false,"attachmentStep":false,"stepsCount":0,"hasContent":false},{"name":"And  User enters \"incorrectPass\" in the password field","time":{"start":1741697697996,"stop":1741697698360,"duration":364},"status":"passed","steps":[],"attachments":[],"parameters":[],"attachmentsCount":0,"shouldDisplayMessage":false,"attachmentStep":false,"stepsCount":0,"hasContent":false},{"name":"And  User click on the sign in button","time":{"start":1741697698360,"stop":1741697699505,"duration":1145},"status":"passed","steps":[],"attachments":[],"parameters":[],"attachmentsCount":0,"shouldDisplayMessage":false,"attachmentStep":false,"stepsCount":0,"hasContent":false},{"name":"Then  User should see \"\" \"\" \"The provided credentials are incorrect.\" error message","time":{"start":1741697699505,"stop":1741697729602,"duration":30097},"status":"broken","statusMessage":"Expected condition failed: waiting for visibility of element located by By.xpath: //div[starts-with(@class,'form-check')]/following-sibling::p[starts-with(@class,'text-danger')] (tried for 30 second(s) with 500 milliseconds interval)\nBuild info: version: '4.29.0', revision: '5fc1ec94cb'\nSystem info: os.name: 'Windows 11', os.arch: 'amd64', os.version: '10.0', java.version: '17.0.12'\nDriver info: org.openqa.selenium.chrome.ChromeDriver\nCapabilities {acceptInsecureCerts: false, browserName: chrome, browserVersion: 133.0.6943.143, chrome: {chromedriverVersion: 133.0.6943.141 (2a5d6da0d61..., userDataDir: C:\\Users\\Shobuj\\AppData\\Loc...}, fedcm:accounts: true, goog:chromeOptions: {debuggerAddress: localhost:59002}, networkConnectionEnabled: false, pageLoadStrategy: normal, platformName: windows, proxy: Proxy(), se:cdp: ws://localhost:59002/devtoo..., se:cdpVersion: 133.0.6943.143, setWindowRect: true, strictFileInteractability: false, timeouts: {implicit: 0, pageLoad: 300000, script: 30000}, unhandledPromptBehavior: dismiss and notify, webauthn:extension:credBlob: true, webauthn:extension:largeBlob: true, webauthn:extension:minPinLength: true, webauthn:extension:prf: true, webauthn:virtualAuthenticators: true}\nSession ID: b5336232982fc8eff4b4cb283b94df5a","statusTrace":"org.openqa.selenium.TimeoutException: Expected condition failed: waiting for visibility of element located by By.xpath: //div[starts-with(@class,'form-check')]/following-sibling::p[starts-with(@class,'text-danger')] (tried for 30 second(s) with 500 milliseconds interval)\nBuild info: version: '4.29.0', revision: '5fc1ec94cb'\nSystem info: os.name: 'Windows 11', os.arch: 'amd64', os.version: '10.0', java.version: '17.0.12'\nDriver info: org.openqa.selenium.chrome.ChromeDriver\nCapabilities {acceptInsecureCerts: false, browserName: chrome, browserVersion: 133.0.6943.143, chrome: {chromedriverVersion: 133.0.6943.141 (2a5d6da0d61..., userDataDir: C:\\Users\\Shobuj\\AppData\\Loc...}, fedcm:accounts: true, goog:chromeOptions: {debuggerAddress: localhost:59002}, networkConnectionEnabled: false, pageLoadStrategy: normal, platformName: windows, proxy: Proxy(), se:cdp: ws://localhost:59002/devtoo..., se:cdpVersion: 133.0.6943.143, setWindowRect: true, strictFileInteractability: false, timeouts: {implicit: 0, pageLoad: 300000, script: 30000}, unhandledPromptBehavior: dismiss and notify, webauthn:extension:credBlob: true, webauthn:extension:largeBlob: true, webauthn:extension:minPinLength: true, webauthn:extension:prf: true, webauthn:virtualAuthenticators: true}\nSession ID: b5336232982fc8eff4b4cb283b94df5a\r\n\tat org.openqa.selenium.support.ui.WebDriverWait.timeoutException(WebDriverWait.java:84)\r\n\tat org.openqa.selenium.support.ui.FluentWait.until(FluentWait.java:228)\r\n\tat Pages.BasePage.getElementText(BasePage.java:41)\r\n\tat StepDefs.SignInDefs.userShouldSeeErrorMessage(SignInDefs.java:230)\r\n\tat ✽.User should see \"\" \"\" \"The provided credentials are incorrect.\" error message(file:///D:/Project%20Playground/4Beats/FlightExpert-Automation-Cucumber/src/test/java/Features/SignInFeature.feature:51)\r\n","steps":[],"attachments":[],"parameters":[],"attachmentsCount":0,"shouldDisplayMessage":true,"attachmentStep":false,"stepsCount":0,"hasContent":true},{"name":"And  Validate all assertion","time":{"start":1741697729602,"stop":1741697729602,"duration":0},"status":"skipped","steps":[],"attachments":[],"parameters":[],"attachmentsCount":0,"shouldDisplayMessage":false,"attachmentStep":false,"stepsCount":0,"hasContent":false}],"attachments":[],"parameters":[],"attachmentsCount":0,"shouldDisplayMessage":false,"attachmentStep":false,"stepsCount":6,"hasContent":true},"afterStages":[{"name":"StepDefs.Hooks.close()","time":{"start":1741697729602,"stop":1741697729912,"duration":310},"status":"passed","steps":[],"attachments":[],"parameters":[],"attachmentsCount":0,"shouldDisplayMessage":false,"attachmentStep":false,"stepsCount":0,"hasContent":false}],"labels":[{"name":"host","value":"MrGreen"},{"name":"thread","value":"2560@MrGreen.main(1)"},{"name":"feature","value":"Sign in page"},{"name":"story","value":"User should not be able to sign in with invalid credentials"},{"name":"suite","value":"Sign in page"},{"name":"testClass","value":"User should not be able to sign in with invalid credentials"},{"name":"framework","value":"cucumber4jvm"},{"name":"language","value":"java"},{"name":"gherkin_uri","value":"file:///D:/Project%20Playground/4Beats/FlightExpert-Automation-Cucumber/src/test/java/Features/SignInFeature.feature"},{"name":"package","value":"src.test.java.Features.SignInFeature_feature.Sign in page"},{"name":"resultFormat","value":"allure2"}],"parameters":[{"name":"email","value":"\"shobuj@yopmail.com\""},{"name":"emailErrorMgs","value":"\"\""},{"name":"password","value":"\"incorrectPass\""},{"name":"passwordErrorMgs","value":"\"\""},{"name":"signInErrorMgs","value":"\"The provided credentials are incorrect.\""}],"links":[],"hidden":true,"retry":true,"extra":{"categories":[],"tags":[]},"source":"7ad681db187fc30a.json","parameterValues":["\"shobuj@yopmail.com\"","\"\"","\"incorrectPass\"","\"\"","\"The provided credentials are incorrect.\""]}