{"uid":"844a93cfe3dff07","name":"Sign in with invalid email","fullName":"src/test/java/Features/SignInFeature.feature:9","historyId":"cfa7df7641bd93124924a9963c76ef9b","time":{"start":1741458756196,"stop":1741458806077,"duration":49881},"status":"broken","statusMessage":"Expected condition failed: waiting for visibility of element located by By.xpath: //p[@class='text-danger fs-14 fw-bold '] (tried for 30 second(s) with 500 milliseconds interval)\nBuild info: version: '4.29.0', revision: '5fc1ec94cb'\nSystem info: os.name: 'Windows 11', os.arch: 'amd64', os.version: '10.0', java.version: '17.0.12'\nDriver info: org.openqa.selenium.chrome.ChromeDriver\nCapabilities {acceptInsecureCerts: false, browserName: chrome, browserVersion: 133.0.6943.143, chrome: {chromedriverVersion: 133.0.6943.141 (2a5d6da0d61..., userDataDir: C:\\Users\\Shobuj\\AppData\\Loc...}, fedcm:accounts: true, goog:chromeOptions: {debuggerAddress: localhost:56464}, networkConnectionEnabled: false, pageLoadStrategy: normal, platformName: windows, proxy: Proxy(), se:cdp: ws://localhost:56464/devtoo..., se:cdpVersion: 133.0.6943.143, setWindowRect: true, strictFileInteractability: false, timeouts: {implicit: 0, pageLoad: 300000, script: 30000}, unhandledPromptBehavior: dismiss and notify, webauthn:extension:credBlob: true, webauthn:extension:largeBlob: true, webauthn:extension:minPinLength: true, webauthn:extension:prf: true, webauthn:virtualAuthenticators: true}\nSession ID: 10b4cd7288d79e709be706846b74a5d9","statusTrace":"org.openqa.selenium.TimeoutException: Expected condition failed: waiting for visibility of element located by By.xpath: //p[@class='text-danger fs-14 fw-bold '] (tried for 30 second(s) with 500 milliseconds interval)\nBuild info: version: '4.29.0', revision: '5fc1ec94cb'\nSystem info: os.name: 'Windows 11', os.arch: 'amd64', os.version: '10.0', java.version: '17.0.12'\nDriver info: org.openqa.selenium.chrome.ChromeDriver\nCapabilities {acceptInsecureCerts: false, browserName: chrome, browserVersion: 133.0.6943.143, chrome: {chromedriverVersion: 133.0.6943.141 (2a5d6da0d61..., userDataDir: C:\\Users\\Shobuj\\AppData\\Loc...}, fedcm:accounts: true, goog:chromeOptions: {debuggerAddress: localhost:56464}, networkConnectionEnabled: false, pageLoadStrategy: normal, platformName: windows, proxy: Proxy(), se:cdp: ws://localhost:56464/devtoo..., se:cdpVersion: 133.0.6943.143, setWindowRect: true, strictFileInteractability: false, timeouts: {implicit: 0, pageLoad: 300000, script: 30000}, unhandledPromptBehavior: dismiss and notify, webauthn:extension:credBlob: true, webauthn:extension:largeBlob: true, webauthn:extension:minPinLength: true, webauthn:extension:prf: true, webauthn:virtualAuthenticators: true}\nSession ID: 10b4cd7288d79e709be706846b74a5d9\r\n\tat org.openqa.selenium.support.ui.WebDriverWait.timeoutException(WebDriverWait.java:84)\r\n\tat org.openqa.selenium.support.ui.FluentWait.until(FluentWait.java:228)\r\n\tat Pages.BasePage.getElementText(BasePage.java:39)\r\n\tat StepDefs.SignInDefs.errorMessageShouldBeDisplayed(SignInDefs.java:69)\r\n\tat ✽.Error message should be displayed(file:///D:/Project%20Playground/4Beats/FlightExpert-Automation-Cucumber/src/test/java/Features/SignInFeature.feature:14)\r\n","flaky":false,"newFailed":false,"newBroken":false,"newPassed":false,"retriesCount":0,"retriesStatusChange":false,"beforeStages":[{"name":"StepDefs.Hooks.start()","time":{"start":1741458756196,"stop":1741458757351,"duration":1155},"status":"passed","steps":[],"attachments":[],"parameters":[],"attachmentsCount":0,"shouldDisplayMessage":false,"attachmentStep":false,"stepsCount":0,"hasContent":false}],"testStage":{"status":"broken","statusMessage":"Expected condition failed: waiting for visibility of element located by By.xpath: //p[@class='text-danger fs-14 fw-bold '] (tried for 30 second(s) with 500 milliseconds interval)\nBuild info: version: '4.29.0', revision: '5fc1ec94cb'\nSystem info: os.name: 'Windows 11', os.arch: 'amd64', os.version: '10.0', java.version: '17.0.12'\nDriver info: org.openqa.selenium.chrome.ChromeDriver\nCapabilities {acceptInsecureCerts: false, browserName: chrome, browserVersion: 133.0.6943.143, chrome: {chromedriverVersion: 133.0.6943.141 (2a5d6da0d61..., userDataDir: C:\\Users\\Shobuj\\AppData\\Loc...}, fedcm:accounts: true, goog:chromeOptions: {debuggerAddress: localhost:56464}, networkConnectionEnabled: false, pageLoadStrategy: normal, platformName: windows, proxy: Proxy(), se:cdp: ws://localhost:56464/devtoo..., se:cdpVersion: 133.0.6943.143, setWindowRect: true, strictFileInteractability: false, timeouts: {implicit: 0, pageLoad: 300000, script: 30000}, unhandledPromptBehavior: dismiss and notify, webauthn:extension:credBlob: true, webauthn:extension:largeBlob: true, webauthn:extension:minPinLength: true, webauthn:extension:prf: true, webauthn:virtualAuthenticators: true}\nSession ID: 10b4cd7288d79e709be706846b74a5d9","statusTrace":"org.openqa.selenium.TimeoutException: Expected condition failed: waiting for visibility of element located by By.xpath: //p[@class='text-danger fs-14 fw-bold '] (tried for 30 second(s) with 500 milliseconds interval)\nBuild info: version: '4.29.0', revision: '5fc1ec94cb'\nSystem info: os.name: 'Windows 11', os.arch: 'amd64', os.version: '10.0', java.version: '17.0.12'\nDriver info: org.openqa.selenium.chrome.ChromeDriver\nCapabilities {acceptInsecureCerts: false, browserName: chrome, browserVersion: 133.0.6943.143, chrome: {chromedriverVersion: 133.0.6943.141 (2a5d6da0d61..., userDataDir: C:\\Users\\Shobuj\\AppData\\Loc...}, fedcm:accounts: true, goog:chromeOptions: {debuggerAddress: localhost:56464}, networkConnectionEnabled: false, pageLoadStrategy: normal, platformName: windows, proxy: Proxy(), se:cdp: ws://localhost:56464/devtoo..., se:cdpVersion: 133.0.6943.143, setWindowRect: true, strictFileInteractability: false, timeouts: {implicit: 0, pageLoad: 300000, script: 30000}, unhandledPromptBehavior: dismiss and notify, webauthn:extension:credBlob: true, webauthn:extension:largeBlob: true, webauthn:extension:minPinLength: true, webauthn:extension:prf: true, webauthn:virtualAuthenticators: true}\nSession ID: 10b4cd7288d79e709be706846b74a5d9\r\n\tat org.openqa.selenium.support.ui.WebDriverWait.timeoutException(WebDriverWait.java:84)\r\n\tat org.openqa.selenium.support.ui.FluentWait.until(FluentWait.java:228)\r\n\tat Pages.BasePage.getElementText(BasePage.java:39)\r\n\tat StepDefs.SignInDefs.errorMessageShouldBeDisplayed(SignInDefs.java:69)\r\n\tat ✽.Error message should be displayed(file:///D:/Project%20Playground/4Beats/FlightExpert-Automation-Cucumber/src/test/java/Features/SignInFeature.feature:14)\r\n","steps":[{"name":"Given  User should be on the sign in page","time":{"start":1741458757352,"stop":1741458771403,"duration":14051},"status":"passed","steps":[],"attachments":[],"parameters":[],"attachmentsCount":0,"shouldDisplayMessage":false,"attachmentStep":false,"stepsCount":0,"hasContent":false},{"name":"When  user enter valid email","time":{"start":1741458771403,"stop":1741458773737,"duration":2334},"status":"passed","steps":[],"attachments":[],"parameters":[],"attachmentsCount":0,"shouldDisplayMessage":false,"attachmentStep":false,"stepsCount":0,"hasContent":false},{"name":"And  user enter invalid password","time":{"start":1741458773738,"stop":1741458773971,"duration":233},"status":"passed","steps":[],"attachments":[],"parameters":[],"attachmentsCount":0,"shouldDisplayMessage":false,"attachmentStep":false,"stepsCount":0,"hasContent":false},{"name":"And  User click on the sign in button","time":{"start":1741458773971,"stop":1741458775166,"duration":1195},"status":"passed","steps":[],"attachments":[],"parameters":[],"attachmentsCount":0,"shouldDisplayMessage":false,"attachmentStep":false,"stepsCount":0,"hasContent":false},{"name":"Then  Error message should be displayed","time":{"start":1741458775166,"stop":1741458805714,"duration":30548},"status":"broken","statusMessage":"Expected condition failed: waiting for visibility of element located by By.xpath: //p[@class='text-danger fs-14 fw-bold '] (tried for 30 second(s) with 500 milliseconds interval)\nBuild info: version: '4.29.0', revision: '5fc1ec94cb'\nSystem info: os.name: 'Windows 11', os.arch: 'amd64', os.version: '10.0', java.version: '17.0.12'\nDriver info: org.openqa.selenium.chrome.ChromeDriver\nCapabilities {acceptInsecureCerts: false, browserName: chrome, browserVersion: 133.0.6943.143, chrome: {chromedriverVersion: 133.0.6943.141 (2a5d6da0d61..., userDataDir: C:\\Users\\Shobuj\\AppData\\Loc...}, fedcm:accounts: true, goog:chromeOptions: {debuggerAddress: localhost:56464}, networkConnectionEnabled: false, pageLoadStrategy: normal, platformName: windows, proxy: Proxy(), se:cdp: ws://localhost:56464/devtoo..., se:cdpVersion: 133.0.6943.143, setWindowRect: true, strictFileInteractability: false, timeouts: {implicit: 0, pageLoad: 300000, script: 30000}, unhandledPromptBehavior: dismiss and notify, webauthn:extension:credBlob: true, webauthn:extension:largeBlob: true, webauthn:extension:minPinLength: true, webauthn:extension:prf: true, webauthn:virtualAuthenticators: true}\nSession ID: 10b4cd7288d79e709be706846b74a5d9","statusTrace":"org.openqa.selenium.TimeoutException: Expected condition failed: waiting for visibility of element located by By.xpath: //p[@class='text-danger fs-14 fw-bold '] (tried for 30 second(s) with 500 milliseconds interval)\nBuild info: version: '4.29.0', revision: '5fc1ec94cb'\nSystem info: os.name: 'Windows 11', os.arch: 'amd64', os.version: '10.0', java.version: '17.0.12'\nDriver info: org.openqa.selenium.chrome.ChromeDriver\nCapabilities {acceptInsecureCerts: false, browserName: chrome, browserVersion: 133.0.6943.143, chrome: {chromedriverVersion: 133.0.6943.141 (2a5d6da0d61..., userDataDir: C:\\Users\\Shobuj\\AppData\\Loc...}, fedcm:accounts: true, goog:chromeOptions: {debuggerAddress: localhost:56464}, networkConnectionEnabled: false, pageLoadStrategy: normal, platformName: windows, proxy: Proxy(), se:cdp: ws://localhost:56464/devtoo..., se:cdpVersion: 133.0.6943.143, setWindowRect: true, strictFileInteractability: false, timeouts: {implicit: 0, pageLoad: 300000, script: 30000}, unhandledPromptBehavior: dismiss and notify, webauthn:extension:credBlob: true, webauthn:extension:largeBlob: true, webauthn:extension:minPinLength: true, webauthn:extension:prf: true, webauthn:virtualAuthenticators: true}\nSession ID: 10b4cd7288d79e709be706846b74a5d9\r\n\tat org.openqa.selenium.support.ui.WebDriverWait.timeoutException(WebDriverWait.java:84)\r\n\tat org.openqa.selenium.support.ui.FluentWait.until(FluentWait.java:228)\r\n\tat Pages.BasePage.getElementText(BasePage.java:39)\r\n\tat StepDefs.SignInDefs.errorMessageShouldBeDisplayed(SignInDefs.java:69)\r\n\tat ✽.Error message should be displayed(file:///D:/Project%20Playground/4Beats/FlightExpert-Automation-Cucumber/src/test/java/Features/SignInFeature.feature:14)\r\n","steps":[],"attachments":[],"parameters":[],"attachmentsCount":0,"shouldDisplayMessage":true,"attachmentStep":false,"stepsCount":0,"hasContent":true}],"attachments":[],"parameters":[],"attachmentsCount":0,"shouldDisplayMessage":false,"attachmentStep":false,"stepsCount":5,"hasContent":true},"afterStages":[{"name":"StepDefs.Hooks.close()","time":{"start":1741458805714,"stop":1741458806077,"duration":363},"status":"passed","steps":[],"attachments":[],"parameters":[],"attachmentsCount":0,"shouldDisplayMessage":false,"attachmentStep":false,"stepsCount":0,"hasContent":false}],"labels":[{"name":"host","value":"MrGreen"},{"name":"thread","value":"15256@MrGreen.main(1)"},{"name":"feature","value":"Sign in page"},{"name":"story","value":"Sign in with invalid email"},{"name":"suite","value":"Sign in page"},{"name":"testClass","value":"Sign in with invalid email"},{"name":"framework","value":"cucumber4jvm"},{"name":"language","value":"java"},{"name":"gherkin_uri","value":"file:///D:/Project%20Playground/4Beats/FlightExpert-Automation-Cucumber/src/test/java/Features/SignInFeature.feature"},{"name":"package","value":"src.test.java.Features.SignInFeature_feature.Sign in page"},{"name":"resultFormat","value":"allure2"}],"parameters":[],"links":[],"hidden":true,"retry":true,"extra":{"categories":[],"tags":[]},"source":"844a93cfe3dff07.json","parameterValues":[]}